ParseError: Nutrition in Plants (Short Answer)
ParseError: Nutrition in Animals (Short Answer)
ParseError: Heat (Short Answer)
Incomplete: Nutrition in Plants (Medium Answer)
Incomplete: Nutrition in Animals (Medium Answer)
Incomplete: Fibre to Fabric (Medium Answer)
Incomplete: Heat (Medium Answer)
Incomplete: Acids, Bases, and Salts (Medium Answer)
Incomplete: Nutrition in Plants (Medium Answer)
Incomplete: Nutrition in Animals (Medium Answer)
Incomplete: Nutrition in Plants (Medium Answer)
ParseError: Nutrition in Animals (Case Based Answer)
ParseError: Fibre to Fabric (Case Based Answer)
ParseError: Heat (Case Based Answer)
ParseError: Nutrition in Plants (Case Based Answer)
ParseError: Nutrition in Plants (Case Based Answer)
ParseError: Why Do We Fall Ill (MCQ)
ParseError: Structure of the Atom (Short Answer)
ParseError: Chemical Reactions and Equations (MCQ)
ParseError: Chemical Reactions and Equations (MCQ)
ParseError: Chemical Reactions and Equations (MCQ)
ParseError: Sources of Energy (Long Answer)
ParseError: Biological Classification (Short Answer)
ParseError: Transport in Plants (Short Answer)
ParseError: Organisms and Populations (Short Answer)
ParseError: Law and Social Justice (MCQ)
ParseError: Locating Places on the Earth (assertionReason)
ParseError: Landforms and Life (assertionReason)
ParseError: Timeline and Sources of History (assertionReason)
ParseError: Democracy in the Contemporary World (assertionReason)
ParseError: Working of Institutions (assertionReason)
ParseError: Challenges to Democracy (assertionReason)
ParseError: Fractions (Short Answer)
ParseError: Patterns in Mathematics (Short Answer)
ParseError: Prime Time (Short Answer)
ParseError: Symmetry (Short Answer)
ParseError: Algebraic Expressions (MatchTheFollowing)
ParseError: Exponents and Powers (FillInTheBlanks)
ParseError: Algebraic Expressions and Identities (AssertionReason)
ParseError: Exponents and Powers (LongAnswer)
ParseError: Triangles (MediumAnswer)
ParseError: Circles (LongAnswer)
ParseError: Arithmetic Progression (MediumAnswer)
ParseError: Polynomials (CaseBased)
ParseError: Principle of Mathematical Induction (MCQ)
ParseError: Sets (AssertionReason)
ParseError: Conic Sections (ShortAnswer)
ParseError: Trigonometric Functions (MediumAnswer)
ParseError: Trigonometric Functions (CaseBased)
ParseError: Limits and Derivatives (CaseBased)
ParseError: Integrals (ShortAnswer)
ParseError: Vector Algebra (MediumAnswer)
ParseError: Linear Programming (LongAnswer)
ParseError: Probability (LongAnswer)
ParseError: Determinants (CaseBased)
ParseError: Control and Coordination (AssertionReason)
ParseError: Heredity and Evolution (MatchTheFollowing)
ParseError: The Living World (MCQ)
